<?xml version="1.0" encoding="UTF-8"?>
<!-- Generated by org.testng.reporters.JUnitReportReporter -->
<testsuite hostname="DESKTOP-7JJUNUD" failures="0" tests="1" name="testCases.TC01_AccRegistrationTest" time="5.472" errors="0" timestamp="2024-08-30T12:10:59 IST" skipped="0">
  <testcase classname="testCases.TC01_AccRegistrationTest" name="Verify_AccRegistration" time="5.472"/>
</testsuite> <!-- testCases.TC01_AccRegistrationTest -->
