<?xml version="1.0" encoding="UTF-8"?>
<!-- Generated by org.testng.reporters.JUnitReportReporter -->
<testsuite hostname="DESKTOP-7JJUNUD" failures="0" tests="1" name="testCases.TC02_LoginTest" time="3.051" errors="0" timestamp="2024-08-30T15:41:12 IST" skipped="0">
  <testcase classname="testCases.TC02_LoginTest" name="verifyLogin" time="3.051"/>
</testsuite> <!-- testCases.TC02_LoginTest -->
